	supprimé :        category/Analysis/badblocks.md
	supprimé :        category/Analysis/baobab.md
	supprimé :        category/Analysis/bonnie++.md
	supprimé :        category/Analysis/df.md
	supprimé :        category/Analysis/di.md
	supprimé :        category/Analysis/diskscan.md
	supprimé :        category/Analysis/disktype.md
	supprimé :        category/Analysis/dstat.md
	supprimé :        category/Analysis/du.md
	supprimé :        category/Analysis/file.md
	supprimé :        category/Analysis/fsck.md
	supprimé :        category/Analysis/gpart.md
	supprimé :        category/Analysis/gsmartcontrol.md
	supprimé :        category/Analysis/hddtemp.md
	supprimé :        category/Analysis/hdparm.md
	supprimé :        category/Analysis/ioping.md
	supprimé :        category/Analysis/memstat.md
	supprimé :        category/Analysis/ncdu.md
	supprimé :        category/Analysis/pstree.md
	supprimé :        category/Analysis/qtop.md
	supprimé :        category/Analysis/rdfind.md
	supprimé :        category/Analysis/sensors-detect.md
	supprimé :        category/Analysis/smartctl.md
	supprimé :        category/Analysis/testdisk.md
	supprimé :        category/Analysis/tree.md
	modifié :         category/Ansible/ansible-config.md
	modifié :         category/Ansible/ansible-console.md
	modifié :         category/Ansible/ansible-doc.md
	modifié :         category/Ansible/ansible-galaxy.md
	modifié :         category/Ansible/ansible-inventory.md
	modifié :         category/Ansible/ansible-playbook.md
	modifié :         category/Ansible/ansible-pull.md
	modifié :         category/Ansible/ansible-vault.md
	modifié :         category/Ansible/ansible.md
	modifié :         category/BTRFS/btrbk.md
	modifié :         category/BTRFS/btrfs-convert.md
	modifié :         category/BTRFS/btrfs-find-root.md
	modifié :         category/BTRFS/btrfs-image.md
	modifié :         category/BTRFS/btrfs-map-logical.md
	modifié :         category/BTRFS/btrfs-select-super.md
	modifié :         category/BTRFS/btrfs.md
	modifié :         category/BTRFS/btrfsck.md
	modifié :         category/BTRFS/btrfstune.md
	modifié :         category/BTRFS/snapper.md
	modifié :         category/Backup/btrbk.md
	modifié :         category/Backup/dump.md
	modifié :         category/Backup/duplicity.md
	modifié :         category/Backup/rsync.md
	modifié :         category/Backup/snapper.md
	supprimé :        category/Cloning/dd.md
	modifié :         category/Cloning/guymager.md
	modifié :         category/Cloning/partclone.md
	supprimé :        category/DHCP/dhclient.md
	modifié :         category/DNS/dig.md
	modifié :         category/DNS/dnsenum.md
	modifié :         category/DNS/host.md
	modifié :         category/DNS/nslookup.md
	modifié :         category/Dataprotection/lockfile-create.md
	modifié :         category/Dataprotection/lockfile-remove.md
	modifié :         category/Dataprotection/lockfile-touch.md
	modifié :         category/DisksAnalysis/badblocks.md
	supprimé :        category/DisksAnalysis/df.md
	supprimé :        category/DisksAnalysis/du.md
	modifié :         category/DisksAnalysis/fsck.md
	modifié :         category/EXFAT/fsck.exfat.md
	modifié :         category/EXFAT/partclone.exfat.md
	modifié :         category/FSCK/fsck.exfat.md
	modifié :         category/FSCK/fsck.ext2.md
	modifié :         category/FSCK/fsck.ext3.md
	modifié :         category/FSCK/fsck.ext4.md
	modifié :         category/FSCK/fsck.ocfs2.md
	modifié :         category/FTP/atftp.md
	modifié :         category/FTP/lftp.md
	modifié :         category/Filesystems/ceph-fuse.md
	modifié :         category/Filesystems/ocfs2_hb_ctl.md
	supprimé :        category/Firewall/iptstate.md
	modifié :         category/Hardware/fio.md
	modifié :         category/Hardware/inxi.md
	modifié :         category/Hardware/lshw.md
	supprimé :        category/Hardware/lspci.md
	modifié :         category/Hardware/stress.md
	supprimé :        category/IP/lzop.md
	supprimé :        category/IP/pigz.md
	supprimé :        category/IP/pzstd.md
	supprimé :        category/IP/unp.md
	supprimé :        category/IP/unrar-free.md
	supprimé :        category/IP/unrar.md
	supprimé :        category/IP/unzip.md
	supprimé :        category/IP/zip.md
	supprimé :        category/IP/zstd.md
	modifié :         category/LXC/lxc-attach.md
	modifié :         category/LXC/lxc-autostart.md
	modifié :         category/LXC/lxc-cgroup.md
	modifié :         category/LXC/lxc-checkconfig.md
	modifié :         category/LXC/lxc-config.md
	modifié :         category/LXC/lxc-console.md
	modifié :         category/LXC/lxc-copy.md
	modifié :         category/LXC/lxc-create.md
	modifié :         category/LXC/lxc-destroy.md
	modifié :         category/LXC/lxc-device.md
	modifié :         category/LXC/lxc-execute.md
	modifié :         category/LXC/lxc-freeze.md
	modifié :         category/LXC/lxc-info.md
	modifié :         category/LXC/lxc-ls.md
	modifié :         category/LXC/lxc-monitor.md
	modifié :         category/LXC/lxc-snapshot.md
	modifié :         category/LXC/lxc-start.md
	modifié :         category/LXC/lxc-stop.md
	modifié :         category/LXC/lxc-unfreeze.md
	modifié :         category/LXC/lxc-unshare.md
	modifié :         category/LXC/lxc-update-config.md
	modifié :         category/LXC/lxc-usernsexec.md
	modifié :         category/LXC/lxc-wait.md
	modifié :         category/MKFS/mkfs.btrfs.md
	modifié :         category/MKFS/mkfs.exfat.md
	modifié :         category/MKFS/mkfs.ext2.md
	modifié :         category/MKFS/mkfs.ext3.md
	modifié :         category/MKFS/mkfs.ext4.md
	modifié :         category/MKFS/mkfs.ntfs.md
	modifié :         category/MKFS/mkfs.ocfs2.md
	modifié :         category/MKFS/mkfs.xfs.md
	modifié :         category/MalwareScan/clamscan.md
	modifié :         category/Miscellaneous/editor.md
	supprimé :        category/Miscellaneous/gpg.md
	supprimé :        category/Miscellaneous/gtkhash.md
	modifié :         category/Miscellaneous/img2pdf.md
	modifié :         category/Miscellaneous/irqbalance.md
	supprimé :        category/Miscellaneous/mlocate.md
	modifié :         category/Miscellaneous/progress.md
	modifié :         category/Miscellaneous/yamllint.md
	modifié :         category/Monitoring/cbm.md
	modifié :         category/Monitoring/etherape.md
	supprimé :        category/Monitoring/iotop.md
	modifié :         category/Monitoring/iperf.md
	supprimé :        category/Monitoring/kismet.md
	modifié :         category/Monitoring/nethogs.md
	supprimé :        category/Mount/archivemount.md
	supprimé :        category/Mount/fuse-zip.md
	supprimé :        category/Mount/fuseiso.md
	supprimé :        category/Mount/fusesmb.md
	supprimé :        category/Mount/fvdemount.md
	supprimé :        category/Mount/mount.md
	supprimé :        category/Mount/sshfs.md
	supprimé :        category/Mount/tmfs.md
	supprimé :        category/Mount/umount.md
	supprimé :        category/Mount/xmount.md
	modifié :         category/NTFS/ntfs-3g.md
	modifié :         category/NTFS/ntfs-3g.probe.md
	modifié :         category/NTFS/ntfscat.md
	modifié :         category/NTFS/ntfsclone.md
	modifié :         category/NTFS/ntfscluster.md
	modifié :         category/NTFS/ntfscmp.md
	modifié :         category/NTFS/ntfscp.md
	modifié :         category/NTFS/ntfsdecrypt.md
	modifié :         category/NTFS/ntfsfallocate.md
	modifié :         category/NTFS/ntfsfix.md
	modifié :         category/NTFS/ntfsinfo.md
	modifié :         category/NTFS/ntfslabel.md
	modifié :         category/NTFS/ntfsls.md
	modifié :         category/NTFS/ntfsrecover.md
	modifié :         category/NTFS/ntfsresize.md
	modifié :         category/NTFS/ntfssecaudit.md
	modifié :         category/NTFS/ntfstruncate.md
	modifié :         category/NTFS/ntfsundelete.md
	modifié :         category/NTFS/ntfsusermap.md
	modifié :         category/NTFS/ntfswipe.md
	modifié :         category/NTFS/partclone.md
	modifié :         category/NTFS/scrounge-ntfs.md
	supprimé :        category/NetworkSecurity/2ping.md
	supprimé :        category/NetworkSecurity/atftp.md
	supprimé :        category/NetworkSecurity/cdpr.md
	supprimé :        category/NetworkSecurity/comgt.md
	supprimé :        category/NetworkSecurity/logrotate.md
	supprimé :        category/NetworkSecurity/ndisc6.md
	supprimé :        category/NetworkSecurity/ntpdate.md
	supprimé :        category/NetworkSecurity/wakeonlan.md
	supprimé :        category/NetworkSecurity/wondershaper.md
	modifié :         category/PCAP/pcapfix.md
	modifié :         category/PCAP/tcpdump.md
	modifié :         category/PCAP/tshark.md
	modifié :         category/PCAP/wireshark.md
	modifié :         category/PST/pst2dii.md
	modifié :         category/PST/pst2ldif.md
	supprimé :        category/Partitioning/bleachbit.md
	supprimé :        category/Partitioning/dcfldd.md
	supprimé :        category/Partitioning/dd.md
	supprimé :        category/Partitioning/fatresize.md
	supprimé :        category/Partitioning/fdisk.md
	supprimé :        category/Partitioning/fstrim.md
	supprimé :        category/Partitioning/gdisk.md
	supprimé :        category/Partitioning/gparted.md
	supprimé :        category/Partitioning/nwipe.md
	supprimé :        category/Partitioning/parted.md
	supprimé :        category/Partitioning/scrub.md
	supprimé :        category/Partitioning/sdmem.md
	supprimé :        category/Partitioning/sfill.md
	supprimé :        category/Partitioning/shred.md
	supprimé :        category/Partitioning/srm.md
	supprimé :        category/Partitioning/sswap.md
	supprimé :        category/Partitioning/wipe.md
	supprimé :        category/Partitioning/zerofree.md
	modifié :         category/Passwords/keepassxc.md
	modifié :         category/README.md
	modifié :         category/REISER4/partclone.reiser4.md
	modifié :         category/Recovery/foremost.md
	modifié :         category/Recovery/recoverdm.md
	modifié :         category/Recovery/scrounge-ntfs.md
	modifié :         category/RemoteAdministration/clusterssh.md
	modifié :         category/RemoteAdministration/parallel-nuke.md
	modifié :         category/RemoteAdministration/parallel-rsync.md
	modifié :         category/RemoteAdministration/parallel-scp.md
	modifié :         category/RemoteAdministration/parallel-slurp.md
	modifié :         category/RemoteAdministration/parallel-ssh.md
	modifié :         category/RemoteAdministration/remmina.md
	modifié :         category/RemoteAdministration/scp.md
	modifié :         category/RemoteAdministration/tmux.md
	modifié :         category/RemoteAdministration/xfreerdp.md
	supprimé :        category/SSL/packet.md
	supprimé :        category/SSL/ssldump.md
	supprimé :        category/SSL/sslscan.md
	supprimé :        category/SSL/sslsniff.md
	supprimé :        category/SSL/sslsplit.md
	modifié :         category/Scanner/netdiscover.md
	supprimé :        category/SysOps/jmeter.md
	supprimé :        category/SysOps/kubectl.md
	supprimé :        category/SysOps/packer.md
	supprimé :        category/SysOps/puppet.md
	supprimé :        category/SysOps/vagrant.md
	supprimé :        category/SystemSecurity/ab.md
	supprimé :        category/SystemSecurity/ctop.md
	supprimé :        category/SystemSecurity/cups.md
	supprimé :        category/SystemSecurity/curl.md
	supprimé :        category/SystemSecurity/hexedit.md
	supprimé :        category/SystemSecurity/htop.md
	supprimé :        category/SystemSecurity/lsof.md
	supprimé :        category/SystemSecurity/xca.md
	supprimé :        category/SystemSnapshot/btrbk.md
	supprimé :        category/SystemSnapshot/snapper.md
	supprimé :        category/SystemSnapshot/timeshift.md
	supprimé :        category/TCP/masscan.md
	supprimé :        category/TCP/nc.md
	supprimé :        category/TCP/netstat.md
	supprimé :        category/TCP/packet.md
	supprimé :        category/TCP/scapy.md
	supprimé :        category/TCP/socat.md
	supprimé :        category/TCP/ssmping.md
	supprimé :        category/TCP/tcpbridge.md
	supprimé :        category/TCP/tcpflow.md
	supprimé :        category/TCP/tcpreplay.md
	supprimé :        category/TCP/tcpstat.md
	supprimé :        category/TCP/tcptrace.md
	supprimé :        category/TCP/tcptraceroute.md
	supprimé :        category/TCP/tcpxtract.md
	modifié :         category/Temperature/psensor.md
	supprimé :        category/UDP/packet.md
	supprimé :        category/UDP/udp-receiver.md
	supprimé :        category/UDP/udp-sender.md
	supprimé :        category/USBBoot/dd.md
	modifié :         category/VHDI/vhdiinfo.md
	modifié :         category/VPN/wg.md
	supprimé :        category/WIFI/kismet.md
	modifié :         category/WIFI/rfkill.md
	modifié :         category/XFS/xfs_admin.md
	modifié :         category/XFS/xfs_bmap.md
	modifié :         category/XFS/xfs_db.md
	modifié :         category/XFS/xfs_growfs.md
	modifié :         category/XFS/xfs_io.md
	supprimé :        category/ZIP/lzop.md
	supprimé :        category/ZIP/pigz.md
	supprimé :        category/ZIP/pzstd.md
	supprimé :        category/ZIP/unp.md
	supprimé :        category/ZIP/unrar-free.md
	supprimé :        category/ZIP/unrar.md
	supprimé :        category/ZIP/unzip.md
	supprimé :        category/ZIP/zip.md
	supprimé :        category/ZIP/zstd.md
	modifié :         mix_category.exs
	modifié :         mix_packages.exs
	modifié :         packages/README.md
	modifié :         packages/ansible-config.md
	modifié :         packages/ansible-console.md
	modifié :         packages/ansible-doc.md
	modifié :         packages/ansible-galaxy.md
	modifié :         packages/ansible-inventory.md
	modifié :         packages/ansible-playbook.md
	modifié :         packages/ansible-pull.md
	modifié :         packages/ansible-vault.md
	modifié :         packages/ansible.md
	modifié :         packages/atftp.md
	modifié :         packages/badblocks.md
	modifié :         packages/btrbk.md
	modifié :         packages/btrfs-convert.md
	modifié :         packages/btrfs-find-root.md
	modifié :         packages/btrfs-image.md
	modifié :         packages/btrfs-map-logical.md
	modifié :         packages/btrfs-select-super.md
	modifié :         packages/btrfs.md
	modifié :         packages/btrfsck.md
	modifié :         packages/btrfstune.md
	modifié :         packages/cbm.md
	modifié :         packages/ceph-fuse.md
	modifié :         packages/clamscan.md
	modifié :         packages/clusterssh.md
	supprimé :        packages/ctop.md
	supprimé :        packages/dd.md
	supprimé :        packages/df.md
	supprimé :        packages/dhclient.md
	modifié :         packages/dig.md
	modifié :         packages/dnsenum.md
	supprimé :        packages/du.md
	modifié :         packages/dump.md
	modifié :         packages/duplicity.md
	modifié :         packages/editor.md
	modifié :         packages/etherape.md
	supprimé :        packages/fdisk.md
	modifié :         packages/fio.md
	modifié :         packages/foremost.md
	modifié :         packages/fsck.exfat.md
	modifié :         packages/fsck.ext2.md
	modifié :         packages/fsck.ext3.md
	modifié :         packages/fsck.ext4.md
	modifié :         packages/fsck.md
	modifié :         packages/fsck.ocfs2.md
	modifié :         packages/fstrim.md
	supprimé :        packages/fusesmb.md
	modifié :         packages/gdisk.md
	supprimé :        packages/gpg.md
	supprimé :        packages/gtkhash.md
	modifié :         packages/guymager.md
	modifié :         packages/host.md
	modifié :         packages/img2pdf.md
	modifié :         packages/inxi.md
	supprimé :        packages/iotop.md
	modifié :         packages/iperf.md
	modifié :         packages/iptstate.md
	modifié :         packages/irqbalance.md
	modifié :         packages/keepassxc.md
	supprimé :        packages/kismet.md
	modifié :         packages/kubectl.md
	modifié :         packages/lftp.md
	modifié :         packages/lockfile-create.md
	modifié :         packages/lockfile-remove.md
	modifié :         packages/lockfile-touch.md
	supprimé :        packages/logrotate.md
	modifié :         packages/lshw.md
	supprimé :        packages/lspci.md
	modifié :         packages/lxc-attach.md
	modifié :         packages/lxc-autostart.md
	modifié :         packages/lxc-cgroup.md
	modifié :         packages/lxc-checkconfig.md
	modifié :         packages/lxc-config.md
	modifié :         packages/lxc-console.md
	modifié :         packages/lxc-copy.md
	modifié :         packages/lxc-create.md
	modifié :         packages/lxc-destroy.md
	modifié :         packages/lxc-device.md
	modifié :         packages/lxc-execute.md
	modifié :         packages/lxc-freeze.md
	modifié :         packages/lxc-info.md
	modifié :         packages/lxc-ls.md
	modifié :         packages/lxc-monitor.md
	modifié :         packages/lxc-snapshot.md
	modifié :         packages/lxc-start.md
	modifié :         packages/lxc-stop.md
	modifié :         packages/lxc-unfreeze.md
	modifié :         packages/lxc-unshare.md
	modifié :         packages/lxc-update-config.md
	modifié :         packages/lxc-usernsexec.md
	modifié :         packages/lxc-wait.md
	supprimé :        packages/lzop.md
	modifié :         packages/mkfs.btrfs.md
	modifié :         packages/mkfs.exfat.md
	modifié :         packages/mkfs.ext2.md
	modifié :         packages/mkfs.ext3.md
	modifié :         packages/mkfs.ext4.md
	modifié :         packages/mkfs.ntfs.md
	modifié :         packages/mkfs.ocfs2.md
	modifié :         packages/mkfs.xfs.md
	supprimé :        packages/mlocate.md
	supprimé :        packages/mount.md
	modifié :         packages/nc.md
	modifié :         packages/netdiscover.md
	modifié :         packages/nethogs.md
	modifié :         packages/nslookup.md
	modifié :         packages/ntfs-3g.md
	modifié :         packages/ntfs-3g.probe.md
	modifié :         packages/ntfscat.md
	modifié :         packages/ntfsclone.md
	modifié :         packages/ntfscluster.md
	modifié :         packages/ntfscmp.md
	modifié :         packages/ntfscp.md
	modifié :         packages/ntfsdecrypt.md
	modifié :         packages/ntfsfallocate.md
	modifié :         packages/ntfsfix.md
	modifié :         packages/ntfsinfo.md
	modifié :         packages/ntfslabel.md
	modifié :         packages/ntfsls.md
	modifié :         packages/ntfsrecover.md
	modifié :         packages/ntfsresize.md
	modifié :         packages/ntfssecaudit.md
	modifié :         packages/ntfstruncate.md
	modifié :         packages/ntfsundelete.md
	modifié :         packages/ntfsusermap.md
	modifié :         packages/ntfswipe.md
	modifié :         packages/nwipe.md
	modifié :         packages/ocfs2_hb_ctl.md
	modifié :         packages/parallel-nuke.md
	modifié :         packages/parallel-rsync.md
	modifié :         packages/parallel-scp.md
	modifié :         packages/parallel-slurp.md
	modifié :         packages/parallel-ssh.md
	modifié :         packages/partclone.exfat.md
	modifié :         packages/partclone.md
	modifié :         packages/partclone.reiser4.md
	modifié :         packages/pcapfix.md
	supprimé :        packages/pigz.md
	modifié :         packages/progress.md
	modifié :         packages/psensor.md
	modifié :         packages/pst2dii.md
	modifié :         packages/pst2ldif.md
	modifié :         packages/puppet.md
	supprimé :        packages/pzstd.md
	modifié :         packages/rdfind.md
	modifié :         packages/recoverdm.md
	modifié :         packages/remmina.md
	modifié :         packages/rfkill.md
	modifié :         packages/rsync.md
	modifié :         packages/scp.md
	modifié :         packages/scrounge-ntfs.md
	modifié :         packages/sdmem.md
	modifié :         packages/sfill.md
	supprimé :        packages/shred.md
	modifié :         packages/snapper.md
	modifié :         packages/srm.md
	modifié :         packages/sswap.md
	modifié :         packages/stress.md
	modifié :         packages/tcpbridge.md
	modifié :         packages/tcpdump.md
	modifié :         packages/tcpflow.md
	modifié :         packages/tcpreplay.md
	modifié :         packages/tmux.md
	modifié :         packages/tshark.md
	supprimé :        packages/umount.md
	supprimé :        packages/unp.md
	supprimé :        packages/unrar-free.md
	supprimé :        packages/unrar.md
	supprimé :        packages/unzip.md
	modifié :         packages/vhdiinfo.md
	modifié :         packages/wg.md
	modifié :         packages/wireshark.md
	modifié :         packages/xfreerdp.md
	modifié :         packages/xfs_admin.md
	modifié :         packages/xfs_bmap.md
	modifié :         packages/xfs_db.md
	modifié :         packages/xfs_growfs.md
	modifié :         packages/xfs_io.md
	modifié :         packages/yamllint.md
	supprimé :        packages/zip.md
	supprimé :        packages/zstd.md

Fichiers non suivis:
  (utilisez "git add <fichier>..." pour inclure dans ce qui sera validé)
	category/AWS/
	category/AppArmor/
	category/BTRFS/timeshift.md
	category/Backup/dirvish.md
	category/Bitlocker/dislocker-find.md
	category/DNS/dnsspoof.md
	category/Databases/
	category/DevOps/
	category/ECRYPTFS/
	category/EXFAT/dump.exfat.md
	category/EXFAT/exfatlabel.md
	category/EXFAT/mkfs.exfat.md
	category/EXFAT/tune.exfat.md
	category/Ethernet/arpwatch.md
	category/F2FS/f2fs_io.md
	category/FSCK/dump.exfat.md
	category/FSCK/exfatlabel.md
	category/Filesystems/archivemount.md
	category/Filesystems/fuse-zip.md
	category/Filesystems/fuseiso.md
	category/Filesystems/s3fs.md
	category/Filesystems/xmount.md
	category/Firewalling/
	category/GlusterFS/gluster-georep-sshkey.md
	category/Hardware/cpu-x.md
	category/Hardware/ecryptfs-generate-tpm-key.md
	category/Hardware/iostat.md
	category/Hardware/sar.md
	category/IP/arpwatch.md
	category/IP/dnsenum.md
	category/IP/ssmping.md
	category/IP/traceroute.md
	category/Kubernetes/
	category/MAC/arpspoof.md
	category/Miscellaneous/cups.md
	category/Miscellaneous/curl.md
	category/Miscellaneous/dstat.md
	category/Miscellaneous/fdupes.md
	category/Miscellaneous/file.md
	category/Miscellaneous/hexedit.md
	category/Miscellaneous/htop.md
	category/Miscellaneous/lsof.md
	category/Miscellaneous/memstat.md
	category/Miscellaneous/pstree.md
	category/Miscellaneous/qtop.md
	category/Miscellaneous/rdfind.md
	category/Miscellaneous/wget.md
	category/Monitoring/tcpprof.md
	category/Monitoring/tcpstat.md
	category/NetworkUncategorized/
	category/PCAP/scapy.md
	category/PCAP/tcpcapinfo.md
	category/PCAP/tcpliveplay.md
	category/PCAP/tcpnice.md
	category/PCAP/tcpprep.md
	category/PCAP/tcpreplay-edit.md
	category/PCAP/tcpreplay.md
	category/PCAP/tcprewrite.md
	category/PCAP/tcpxtract.md
	category/PartitioningErasing/
	category/Recovery/ntfsundelete.md
	category/RemoteAdministration/sshfs.md
	category/SSLTLS/
	category/Scanner/arp-scan.md
	category/Scanner/masscan.md
	category/Scanner/ncat.md
	category/Scanner/netstat.md
	category/Scanner/scapy.md
	category/Scanner/sshmitm.md
	category/Scanner/sshow.md
	category/Scanner/webmitm.md
	category/SystemUncategorized/
	category/TCPUDP/
	packages/aa-audit.md
	packages/aa-autodep.md
	packages/aa-cleanprof.md
	packages/aa-complain.md
	packages/aa-decode.md
	packages/aa-disable.md
	packages/aa-easyprof.md
	packages/aa-enabled.md
	packages/aa-enforce.md
	packages/aa-exec.md
	packages/aa-features-abi.md
	packages/aa-genprof.md
	packages/aa-logprof.md
	packages/aa-mergeprof.md
	packages/aa-notify.md
	packages/aa-remove-unknown.md
	packages/aa-status.md
	packages/aa-teardown.md
	packages/aa-unconfined.md
	packages/aa-update-browser.md
	packages/arpspoof.md
	packages/buildah.md
	packages/cpu-x.md
	packages/dislocker-find.md
	packages/dnsspoof.md
	packages/dump.exfat.md
	packages/ecryptfs-add-passphrase.md
	packages/ecryptfs-find.md
	packages/ecryptfs-generate-tpm-key.md
	packages/ecryptfs-insert-wrapped-passphrase-into-keyring.md
	packages/ecryptfs-manager.md
	packages/ecryptfs-migrate-home.md
	packages/ecryptfs-mount-private.md
	packages/ecryptfs-recover-private.md
	packages/ecryptfs-rewrap-passphrase.md
	packages/ecryptfs-rewrite-file.md
	packages/ecryptfs-setup-private.md
	packages/ecryptfs-setup-swap.md
	packages/ecryptfs-stat.md
	packages/ecryptfs-umount-private.md
	packages/ecryptfs-unwrap-passphrase.md
	packages/ecryptfs-verify.md
	packages/ecryptfs-wrap-passphrase.md
	packages/ecryptfsd.md
	packages/etcdctl.md
	packages/exfatlabel.md
	packages/f2fs_io.md
	packages/fdupes.md
	packages/gluster-georep-sshkey.md
	packages/iostat.md
	packages/mariadb.md
	packages/ncat.md
	packages/podman.md
	packages/psql.md
	packages/s3fs.md
	packages/sar.md
	packages/sshmitm.md
	packages/sshow.md
	packages/tcpcapinfo.md
	packages/tcpkill.md
	packages/tcpliveplay.md
	packages/tcpnice.md
	packages/tcpprep.md
	packages/tcpprof.md
	packages/tcpreplay-edit.md
	packages/tcprewrite.md
	packages/tune.exfat.md
	packages/webmitm.md
	packages/wget.md
